<?xml version="1.0" encoding="UTF-8"?>
<!-- Generated by org.testng.reporters.JUnitReportReporter -->
<testsuite hostname="DESKTOP-ES6GPGC" failures="0" tests="1" name="testcase.Tc_priceview_005" time="0.044" errors="0" timestamp="2024-06-26T05:41:18 IST" skipped="0">
  <testcase classname="testcase.Tc_priceview_005" name="price" time="0.044"/>
  <system-out/>
</testsuite> <!-- testcase.Tc_priceview_005 -->
