<?xml version="1.0" encoding="UTF-8"?>
<!-- Generated by org.testng.reporters.JUnitReportReporter -->
<testsuite hostname="DESKTOP-ES6GPGC" failures="0" tests="1" name="testcase.Tc_loginfuction_001" time="6.304" errors="0" timestamp="2024-05-28T07:42:28 IST" skipped="0">
  <testcase classname="testcase.Tc_loginfuction_001" name="login" time="6.304"/>
  <system-out>
    <![CDATA[username and pasword entered succesfully
loged  succesfully]]>
  </system-out>
</testsuite> <!-- testcase.Tc_loginfuction_001 -->
