<?xml version="1.0" encoding="UTF-8"?>
<!-- Generated by org.testng.reporters.JUnitReportReporter -->
<testsuite hostname="DESKTOP-ES6GPGC" failures="0" tests="3" name="testcase.Tc_sortitem_002" time="0.599" errors="0" timestamp="2024-05-28T07:42:28 IST" skipped="0">
  <testcase classname="testcase.Tc_sortitem_002" name="sort1" time="0.234"/>
  <system-out/>
  <testcase classname="testcase.Tc_sortitem_002" name="sort2" time="0.186"/>
  <system-out/>
  <testcase classname="testcase.Tc_sortitem_002" name="sort3" time="0.179"/>
  <system-out/>
</testsuite> <!-- testcase.Tc_sortitem_002 -->
