<?xml version="1.0" encoding="UTF-8"?>
<!-- Generated by org.testng.reporters.JUnitReportReporter -->
<testsuite hostname="DESKTOP-ES6GPGC" failures="0" tests="1" name="testcase.Tc_addtocart_003" time="2.191" errors="0" timestamp="2024-06-26T05:41:18 IST" skipped="0">
  <testcase classname="testcase.Tc_addtocart_003" name="cart" time="2.191"/>
  <system-out>
    <![CDATA[moved to that element
element clicked]]>
  </system-out>
</testsuite> <!-- testcase.Tc_addtocart_003 -->
