<?xml version="1.0" encoding="UTF-8"?>
<!-- Generated by org.testng.reporters.JUnitReportReporter -->
<testsuite hostname="DESKTOP-ES6GPGC" failures="0" tests="1" name="testcase.Tc_addtocart_003" time="2.199" errors="0" timestamp="2024-05-28T07:42:28 IST" skipped="0">
  <testcase classname="testcase.Tc_addtocart_003" name="cart" time="2.199"/>
  <system-out>
    <![CDATA[moved to that element
element clicked]]>
  </system-out>
</testsuite> <!-- testcase.Tc_addtocart_003 -->
