<?xml version="1.0" encoding="UTF-8"?>
<!-- Generated by org.testng.reporters.JUnitReportReporter -->
<testsuite hostname="DESKTOP-ES6GPGC" failures="0" tests="2" name="testcase.Tc_loginfuction_001" time="12.531" errors="0" timestamp="2024-06-26T05:41:18 IST" skipped="0">
  <testcase classname="testcase.Tc_loginfuction_001" name="browserlunch" time="6.189"/>
  <system-out/>
  <testcase classname="testcase.Tc_loginfuction_001" name="login" time="6.342"/>
  <system-out>
    <![CDATA[username and pasword entered succesfully
loged  succesfully]]>
  </system-out>
</testsuite> <!-- testcase.Tc_loginfuction_001 -->
